{"level":"info","message":"videos/new","timestamp":"2013-04-26T05:57:17.755Z"}
{"level":"info","message":"videos/new","timestamp":"2013-04-26T05:58:10.407Z"}
{"level":"info","message":"videos/new","timestamp":"2013-04-26T05:59:24.395Z"}
{"level":"info","message":"data","timestamp":"2013-04-26T06:00:26.822Z"}
{"level":"info","message":"data","timestamp":"2013-04-26T06:01:23.546Z"}
{"level":"info","message":"videos/new","timestamp":"2013-04-26T06:19:58.738Z"}
{"level":"info","message":"videos/new","timestamp":"2013-04-26T06:20:24.765Z"}
{"level":"info","message":"videos/new","timestamp":"2013-04-26T06:21:36.082Z"}
{"level":"info","message":"data","timestamp":"2013-04-26T06:21:46.117Z"}
{"level":"info","message":"videos/new","timestamp":"2013-04-26T06:24:00.726Z"}
{"level":"info","message":"data","timestamp":"2013-04-26T06:24:09.998Z"}
{"level":"info","message":"videos/new","timestamp":"2013-04-26T06:25:24.075Z"}
{"level":"info","message":"data","timestamp":"2013-04-26T06:25:30.405Z"}
{"url":"http://www.confreaks.com/videos/3-mwrc2010-managing-ruby-projects-with-rvm","title":"sadfdsfsd","tags":["coffeescript"],"level":"info","message":"","timestamp":"2013-04-26T06:26:07.438Z"}
{"url":"http://www.confreaks.com/videos/3-mwrc2010-managing-ruby-projects-with-rvm","title":"sadfdsfsd","tags":["coffeescript"],"level":"info","message":"","timestamp":"2013-04-26T06:27:55.333Z"}
{"level":"info","message":"create.run","timestamp":"2013-04-26T06:27:55.335Z"}
{"url":"http://www.confreaks.com/videos/3-mwrc2010-managing-ruby-projects-with-rvm","title":"sadfdsfsd","tags":["coffeescript"],"level":"info","message":"","timestamp":"2013-04-26T06:27:55.335Z"}
{"level":"info","message":"doc found0","timestamp":"2013-04-26T06:27:55.342Z"}
{"url":"http://www.confreaks.com/videos/3-mwrc2010-managing-ruby-projects-with-rvm","title":"sadfdsfsd","tags":["coffeescript"],"level":"info","message":"","timestamp":"2013-04-26T06:28:48.414Z"}
{"level":"info","message":"create.run","timestamp":"2013-04-26T06:28:48.415Z"}
{"url":"http://www.confreaks.com/videos/3-mwrc2010-managing-ruby-projects-with-rvm","title":"sadfdsfsd","tags":["coffeescript"],"level":"info","message":"","timestamp":"2013-04-26T06:28:48.415Z"}
{"level":"info","message":"doc found0","timestamp":"2013-04-26T06:28:48.423Z"}
{"url":"http://www.confreaks.com/videos/3-mwrc2010-managing-ruby-projects-with-rvm","title":"sadfdsfsd","tags":["coffeescript"],"level":"info","message":"","timestamp":"2013-04-26T06:29:23.753Z"}
{"level":"info","message":"create.run","timestamp":"2013-04-26T06:29:23.754Z"}
{"url":"http://www.confreaks.com/videos/3-mwrc2010-managing-ruby-projects-with-rvm","title":"sadfdsfsd","tags":["coffeescript"],"level":"info","message":"","timestamp":"2013-04-26T06:29:23.754Z"}
{"url":"http://www.confreaks.com/videos/3-mwrc2010-managing-ruby-projects-with-rvm","title":"sadfdsfsd","tags":["coffeescript"],"approved":false,"createdAt":"2013-04-26T06:29:23.754Z","kind":"video","provider":"confreaks","providerId":"3","level":"info","message":"","timestamp":"2013-04-26T06:29:23.755Z"}
{"level":"info","message":"doc found0","timestamp":"2013-04-26T06:29:23.761Z"}
{"url":"http://www.confreaks.com/videos/3-mwrc2010-managing-ruby-projects-with-rvm","title":"sadfdsfsd","tags":["coffeescript"],"level":"info","message":"","timestamp":"2013-04-26T06:31:09.058Z"}
{"level":"info","message":"create.run","timestamp":"2013-04-26T06:31:09.059Z"}
{"url":"http://www.confreaks.com/videos/3-mwrc2010-managing-ruby-projects-with-rvm","title":"sadfdsfsd","tags":["coffeescript"],"level":"info","message":"","timestamp":"2013-04-26T06:31:09.059Z"}
{"url":"http://www.confreaks.com/videos/3-mwrc2010-managing-ruby-projects-with-rvm","title":"sadfdsfsd","tags":["coffeescript"],"approved":false,"createdAt":"2013-04-26T06:31:09.059Z","kind":"video","provider":"confreaks","providerId":"3","level":"info","message":"","timestamp":"2013-04-26T06:31:09.060Z"}
{"level":"info","message":"doc found0","timestamp":"2013-04-26T06:31:09.067Z"}
{"url":"http://www.confreaks.com/videos/3-mwrc2010-managing-ruby-projects-with-rvm","title":"sadfdsfsd","tags":["coffeescript"],"level":"info","message":"","timestamp":"2013-04-26T06:32:00.749Z"}
{"level":"info","message":"create.run","timestamp":"2013-04-26T06:32:00.750Z"}
{"url":"http://www.confreaks.com/videos/3-mwrc2010-managing-ruby-projects-with-rvm","title":"sadfdsfsd","tags":["coffeescript"],"level":"info","message":"","timestamp":"2013-04-26T06:32:00.751Z"}
{"url":"http://www.confreaks.com/videos/3-mwrc2010-managing-ruby-projects-with-rvm","title":"sadfdsfsd","tags":["coffeescript"],"approved":false,"createdAt":"2013-04-26T06:32:00.751Z","kind":"video","provider":"confreaks","providerId":"3","level":"info","message":"","timestamp":"2013-04-26T06:32:00.752Z"}
{"level":"info","message":"doc found0","timestamp":"2013-04-26T06:32:00.759Z"}
{"level":"info","message":"calling saveServ","timestamp":"2013-04-26T06:32:00.759Z"}
{"url":"http://www.confreaks.com/videos/3-mwrc2010-managing-ruby-projects-with-rvm","title":"sadfdsfsd","tags":["coffeescript"],"level":"info","message":"","timestamp":"2013-04-26T06:33:38.807Z"}
{"level":"info","message":"create.run","timestamp":"2013-04-26T06:33:38.808Z"}
{"url":"http://www.confreaks.com/videos/3-mwrc2010-managing-ruby-projects-with-rvm","title":"sadfdsfsd","tags":["coffeescript"],"level":"info","message":"","timestamp":"2013-04-26T06:33:38.808Z"}
{"url":"http://www.confreaks.com/videos/3-mwrc2010-managing-ruby-projects-with-rvm","title":"sadfdsfsd","tags":["coffeescript"],"approved":false,"createdAt":"2013-04-26T06:33:38.808Z","kind":"video","provider":"confreaks","providerId":"3","level":"info","message":"","timestamp":"2013-04-26T06:33:38.809Z"}
{"level":"info","message":"doc found0","timestamp":"2013-04-26T06:33:38.815Z"}
{"level":"info","message":"calling saveServ","timestamp":"2013-04-26T06:33:38.815Z"}
{"level":"info","message":"","timestamp":"2013-04-26T06:33:38.815Z"}
{"url":"http://www.confreaks.com/videos/3-mwrc2010-managing-ruby-projects-with-rvm","title":"sadfdsfsd","tags":["coffeescript"],"level":"info","message":"","timestamp":"2013-04-26T06:34:40.556Z"}
{"level":"info","message":"create.run","timestamp":"2013-04-26T06:34:40.557Z"}
{"url":"http://www.confreaks.com/videos/3-mwrc2010-managing-ruby-projects-with-rvm","title":"sadfdsfsd","tags":["coffeescript"],"level":"info","message":"","timestamp":"2013-04-26T06:34:40.558Z"}
{"url":"http://www.confreaks.com/videos/3-mwrc2010-managing-ruby-projects-with-rvm","title":"sadfdsfsd","tags":["coffeescript"],"approved":false,"createdAt":"2013-04-26T06:34:40.558Z","kind":"video","provider":"confreaks","providerId":"3","level":"info","message":"","timestamp":"2013-04-26T06:34:40.559Z"}
{"level":"info","message":"doc found0","timestamp":"2013-04-26T06:34:40.564Z"}
{"level":"info","message":"calling saveServ","timestamp":"2013-04-26T06:34:40.564Z"}
{"level":"info","message":"save.run","timestamp":"2013-04-26T06:34:40.564Z"}
{"level":"info","message":"passed validations","timestamp":"2013-04-26T06:34:40.565Z"}
{"level":"info","message":" - create","timestamp":"2013-04-26T06:34:40.565Z"}
{"level":"info","message":"videos/new","timestamp":"2013-04-26T06:36:37.387Z"}
{"url":"http://vimeo.com/8837020","title":"asdfdsfds","tags":["coffeescript"],"level":"info","message":"","timestamp":"2013-04-26T06:36:45.934Z"}
{"level":"info","message":"create.run","timestamp":"2013-04-26T06:36:45.934Z"}
{"url":"http://vimeo.com/8837020","title":"asdfdsfds","tags":["coffeescript"],"level":"info","message":"","timestamp":"2013-04-26T06:36:45.934Z"}
{"url":"http://vimeo.com/8837020","title":"asdfdsfds","tags":["coffeescript"],"approved":false,"createdAt":"2013-04-26T06:36:45.935Z","kind":"video","provider":"vimeo","providerId":"8837020","level":"info","message":"","timestamp":"2013-04-26T06:36:45.935Z"}
{"level":"info","message":"doc found0","timestamp":"2013-04-26T06:36:45.943Z"}
{"level":"info","message":"calling saveServ","timestamp":"2013-04-26T06:36:45.943Z"}
{"level":"info","message":"save.run","timestamp":"2013-04-26T06:36:45.943Z"}
{"level":"info","message":"passed validations","timestamp":"2013-04-26T06:36:45.944Z"}
{"level":"info","message":" - create","timestamp":"2013-04-26T06:36:45.945Z"}
{"ok":true,"id":"632fe668fe7225910ca54ca159000fe7","rev":"1-c318459b2639e65dbd4378fcc8fdf784","url":"http://vimeo.com/8837024","title":"asdfdsf","level":"info","message":"","timestamp":"2013-04-26T06:37:06.055Z"}
{"level":"info","message":"create.run","timestamp":"2013-04-26T06:37:06.055Z"}
{"ok":true,"id":"632fe668fe7225910ca54ca159000fe7","rev":"1-c318459b2639e65dbd4378fcc8fdf784","url":"http://vimeo.com/8837024","title":"asdfdsf","level":"info","message":"","timestamp":"2013-04-26T06:37:06.055Z"}
{"ok":true,"id":"632fe668fe7225910ca54ca159000fe7","rev":"1-c318459b2639e65dbd4378fcc8fdf784","url":"http://vimeo.com/8837024","title":"asdfdsf","approved":false,"createdAt":"2013-04-26T06:37:06.055Z","kind":"video","provider":"vimeo","providerId":"8837024","level":"info","message":"","timestamp":"2013-04-26T06:37:06.055Z"}
{"level":"info","message":"doc found0","timestamp":"2013-04-26T06:37:06.062Z"}
{"level":"info","message":"calling saveServ","timestamp":"2013-04-26T06:37:06.063Z"}
{"level":"info","message":"save.run","timestamp":"2013-04-26T06:37:06.063Z"}
{"ok":true,"id":"632fe668fe7225910ca54ca159000fe7","rev":"1-c318459b2639e65dbd4378fcc8fdf784","url":"http://vimeo.com/8837024","title":"asdfdsf","tags":["browserify"],"level":"info","message":"","timestamp":"2013-04-26T06:37:13.150Z"}
{"level":"info","message":"create.run","timestamp":"2013-04-26T06:37:13.150Z"}
{"ok":true,"id":"632fe668fe7225910ca54ca159000fe7","rev":"1-c318459b2639e65dbd4378fcc8fdf784","url":"http://vimeo.com/8837024","title":"asdfdsf","tags":["browserify"],"level":"info","message":"","timestamp":"2013-04-26T06:37:13.150Z"}
{"ok":true,"id":"632fe668fe7225910ca54ca159000fe7","rev":"1-c318459b2639e65dbd4378fcc8fdf784","url":"http://vimeo.com/8837024","title":"asdfdsf","tags":["browserify"],"approved":false,"createdAt":"2013-04-26T06:37:13.150Z","kind":"video","provider":"vimeo","providerId":"8837024","level":"info","message":"","timestamp":"2013-04-26T06:37:13.151Z"}
{"level":"info","message":"doc found0","timestamp":"2013-04-26T06:37:13.156Z"}
{"level":"info","message":"calling saveServ","timestamp":"2013-04-26T06:37:13.156Z"}
{"level":"info","message":"save.run","timestamp":"2013-04-26T06:37:13.156Z"}
{"level":"info","message":"passed validations","timestamp":"2013-04-26T06:37:13.156Z"}
{"level":"info","message":" - create","timestamp":"2013-04-26T06:37:13.156Z"}
{"ok":true,"id":"632fe668fe7225910ca54ca159001879","rev":"1-72540b5a4f47a891c9f1d15a5948f8b8","url":"http://vimeo.com/8837024","title":"adsfdsafdsfdsa","tags":["canjs"],"level":"info","message":"","timestamp":"2013-04-26T06:37:23.841Z"}
{"level":"info","message":"create.run","timestamp":"2013-04-26T06:37:23.841Z"}
{"ok":true,"id":"632fe668fe7225910ca54ca159001879","rev":"1-72540b5a4f47a891c9f1d15a5948f8b8","url":"http://vimeo.com/8837024","title":"adsfdsafdsfdsa","tags":["canjs"],"level":"info","message":"","timestamp":"2013-04-26T06:37:23.841Z"}
{"ok":true,"id":"632fe668fe7225910ca54ca159001879","rev":"1-72540b5a4f47a891c9f1d15a5948f8b8","url":"http://vimeo.com/8837024","title":"adsfdsafdsfdsa","tags":["canjs"],"approved":false,"createdAt":"2013-04-26T06:37:23.841Z","kind":"video","provider":"vimeo","providerId":"8837024","level":"info","message":"","timestamp":"2013-04-26T06:37:23.841Z"}
{"level":"info","message":"doc found1","timestamp":"2013-04-26T06:37:23.851Z"}
